<?xml version="1.0" encoding="UTF-8"?>
<!-- Generated by org.testng.reporters.JUnitXMLReporter -->
<testsuite ignored="0" hostname="APMOSYSLT0446" failures="1" tests="1" name="firefox" time="8.68" errors="0" timestamp="2023-08-24T16:38:21 IST">
  <testcase classname="Mobile_Testing.Appium.CrossBrowserTesting" name="CrossBrowsers" time="8.669">
    <failure type="org.openqa.selenium.SessionNotCreatedException" message="Could not start a new session. Response code 500. Message: An unknown server-side error occurred while processing the command. Original error: A new session could not be created. Details: session not created: This version of ChromeDriver only supports Chrome version 114
Current browser version is 108.0.5359.128 with package name com.android.chrome 
Host info: host: &amp;apos;APMOSYSLT0446&amp;apos;, ip: &amp;apos;172.1.3.159&amp;apos;
Build info: version: &amp;apos;4.11.0&amp;apos;, revision: &amp;apos;040bc5406b&amp;apos;
System info: os.name: &amp;apos;Linux&amp;apos;, os.arch: &amp;apos;amd64&amp;apos;, os.version: &amp;apos;5.15.0-79-generic&amp;apos;, java.version: &amp;apos;17.0.6&amp;apos;
Driver info: io.appium.java_client.android.AndroidDriver
Command: [null, newSession {capabilities=[{browserName=Chrome, appium:chromedriverExecutable=/home/apmosys/Desktop/Drivers/chromedriver_linux64 (1)/chromedriver, appium:deviceName=Redmi Note7S, platformName=ANDROID, appium:platformVersion=13, appium:udid=f166a9bb}], desiredCapabilities=Capabilities {browserName: Chrome, chromedriverExecutable: /home/apmosys/Desktop/Drive..., deviceName: Redmi Note7S, platformName: ANDROID, platformVersion: 13, udid: f166a9bb}}]
Capabilities {browserName: Chrome, chromedriverExecutable: /home/apmosys/Desktop/Drive..., deviceName: Redmi Note7S, platformName: ANDROID, platformVersion: 13, udid: f166a9bb}">
      <![CDATA[org.openqa.selenium.SessionNotCreatedException: Could not start a new session. Response code 500. Message: An unknown server-side error occurred while processing the command. Original error: A new session could not be created. Details: session not created: This version of ChromeDriver only supports Chrome version 114
Current browser version is 108.0.5359.128 with package name com.android.chrome 
Host info: host: 'APMOSYSLT0446', ip: '172.1.3.159'
Build info: version: '4.11.0', revision: '040bc5406b'
System info: os.name: 'Linux', os.arch: 'amd64', os.version: '5.15.0-79-generic', java.version: '17.0.6'
Driver info: io.appium.java_client.android.AndroidDriver
Command: [null, newSession {capabilities=[{browserName=Chrome, appium:chromedriverExecutable=/home/apmosys/Desktop/Drivers/chromedriver_linux64 (1)/chromedriver, appium:deviceName=Redmi Note7S, platformName=ANDROID, appium:platformVersion=13, appium:udid=f166a9bb}], desiredCapabilities=Capabilities {browserName: Chrome, chromedriverExecutable: /home/apmosys/Desktop/Drive..., deviceName: Redmi Note7S, platformName: ANDROID, platformVersion: 13, udid: f166a9bb}}]
Capabilities {browserName: Chrome, chromedriverExecutable: /home/apmosys/Desktop/Drive..., deviceName: Redmi Note7S, platformName: ANDROID, platformVersion: 13, udid: f166a9bb}
at org.openqa.selenium.remote.ProtocolHandshake.createSession(ProtocolHandshake.java:140)
at io.appium.java_client.remote.AppiumProtocolHandshake.createSession(AppiumProtocolHandshake.java:133)
at io.appium.java_client.remote.AppiumProtocolHandshake.createSession(AppiumProtocolHandshake.java:102)
at io.appium.java_client.remote.AppiumCommandExecutor.createSession(AppiumCommandExecutor.java:182)
at io.appium.java_client.remote.AppiumCommandExecutor.execute(AppiumCommandExecutor.java:250)
at org.openqa.selenium.remote.RemoteWebDriver.execute(RemoteWebDriver.java:518)
at io.appium.java_client.AppiumDriver.startSession(AppiumDriver.java:274)
at org.openqa.selenium.remote.RemoteWebDriver.<init>(RemoteWebDriver.java:159)
at io.appium.java_client.AppiumDriver.<init>(AppiumDriver.java:89)
at io.appium.java_client.AppiumDriver.<init>(AppiumDriver.java:101)
at io.appium.java_client.android.AndroidDriver.<init>(AndroidDriver.java:113)
at Mobile_Testing.Appium.CrossBrowserTesting.CrossBrowsers(CrossBrowserTesting.java:34)
at java.base/java.util.ArrayList.forEach(ArrayList.java:1511)
... Removed 31 stack frames]]>
    </failure>
  </testcase> <!-- CrossBrowsers -->
</testsuite> <!-- firefox -->
