<?xml version="1.0" encoding="UTF-8"?>
<!-- Generated by org.testng.reporters.JUnitXMLReporter -->
<testsuite ignored="0" hostname="APMOSYSLT0446" failures="1" tests="1" name="Device1Test" time="0.078" errors="0" timestamp="2023-08-24T16:49:15 IST">
  <testcase classname="Mobile_Testing.Appium.CrossBrowserTesting" name="CrossBrowsers" time="0.0">
    <failure type="org.testng.TestNGException" message="
Parameter &amp;apos;deviceName&amp;apos; is required by @Test on method CrossBrowsers but has not been marked @Optional or defined
in /home/apmosys/eclipse-workspace/Appium/testng.xml">
      <![CDATA[org.testng.TestNGException: 
Parameter 'deviceName' is required by @Test on method CrossBrowsers but has not been marked @Optional or defined
in /home/apmosys/eclipse-workspace/Appium/testng.xml
at java.base/java.util.ArrayList.forEach(ArrayList.java:1511)
... Removed 26 stack frames]]>
    </failure>
  </testcase> <!-- CrossBrowsers -->
</testsuite> <!-- Device1Test -->
